Started GET "/" for 127.0.0.1 at 2019-01-04 01:09:00 +0000
Processing by Rails::WelcomeController#index as HTML
  Rendering /Users/Tech-A25/.rvm/gems/ruby-2.5.3/gems/railties-5.2.2/lib/rails/templates/rails/welcome/index.html.erb
  Rendered /Users/Tech-A25/.rvm/gems/ruby-2.5.3/gems/railties-5.2.2/lib/rails/templates/rails/welcome/index.html.erb (11.6ms)
Completed 200 OK in 45ms (Views: 28.1ms | ActiveRecord: 0.0ms)


Started GET "/" for 127.0.0.1 at 2019-01-04 01:15:32 +0000
Processing by WelcomeController#index as HTML
  Rendering welcome/index.html.erb within layouts/application
  Rendered welcome/index.html.erb within layouts/application (1.2ms)
Completed 200 OK in 1210ms (Views: 1198.2ms | ActiveRecord: 0.0ms)


Started GET "/articles/new" for 127.0.0.1 at 2019-01-04 01:58:33 +0000
  
ActionController::RoutingError (uninitialized constant ArticlesController):
  
bootsnap (1.3.2) lib/bootsnap/load_path_cache/core_ext/active_support.rb:74:in `block in load_missing_constant'
bootsnap (1.3.2) lib/bootsnap/load_path_cache/core_ext/active_support.rb:8:in `without_bootsnap_cache'
bootsnap (1.3.2) lib/bootsnap/load_path_cache/core_ext/active_support.rb:74:in `rescue in load_missing_constant'
bootsnap (1.3.2) lib/bootsnap/load_path_cache/core_ext/active_support.rb:56:in `load_missing_constant'
activesupport (5.2.2) lib/active_support/inflector/methods.rb:283:in `const_get'
activesupport (5.2.2) lib/active_support/inflector/methods.rb:283:in `block in constantize'
activesupport (5.2.2) lib/active_support/inflector/methods.rb:281:in `each'
activesupport (5.2.2) lib/active_support/inflector/methods.rb:281:in `inject'
activesupport (5.2.2) lib/active_support/inflector/methods.rb:281:in `constantize'
actionpack (5.2.2) lib/action_dispatch/http/request.rb:88:in `controller_class_for'
actionpack (5.2.2) lib/action_dispatch/http/request.rb:81:in `controller_class'
actionpack (5.2.2) lib/action_dispatch/routing/route_set.rb:46:in `controller'
actionpack (5.2.2) lib/action_dispatch/routing/route_set.rb:32:in `serve'
actionpack (5.2.2) lib/action_dispatch/journey/router.rb:52:in `block in serve'
actionpack (5.2.2) lib/action_dispatch/journey/router.rb:35:in `each'
actionpack (5.2.2) lib/action_dispatch/journey/router.rb:35:in `serve'
actionpack (5.2.2) lib/action_dispatch/routing/route_set.rb:840:in `call'
rack (2.0.6) lib/rack/tempfile_reaper.rb:15:in `call'
rack (2.0.6) lib/rack/etag.rb:25:in `call'
rack (2.0.6) lib/rack/conditional_get.rb:25:in `call'
rack (2.0.6) lib/rack/head.rb:12:in `call'
actionpack (5.2.2) lib/action_dispatch/http/content_security_policy.rb:18:in `call'
rack (2.0.6) lib/rack/session/abstract/id.rb:232:in `context'
rack (2.0.6) lib/rack/session/abstract/id.rb:226:in `call'
actionpack (5.2.2) lib/action_dispatch/middleware/cookies.rb:670:in `call'
activerecord (5.2.2) lib/active_record/migration.rb:559:in `call'
actionpack (5.2.2) lib/action_dispatch/middleware/callbacks.rb:28:in `block in call'
activesupport (5.2.2) lib/active_support/callbacks.rb:98:in `run_callbacks'
actionpack (5.2.2) lib/action_dispatch/middleware/callbacks.rb:26:in `call'
actionpack (5.2.2) lib/action_dispatch/middleware/executor.rb:14:in `call'
actionpack (5.2.2) lib/action_dispatch/middleware/debug_exceptions.rb:61:in `call'
web-console (3.7.0) lib/web_console/middleware.rb:135:in `call_app'
web-console (3.7.0) lib/web_console/middleware.rb:30:in `block in call'
web-console (3.7.0) lib/web_console/middleware.rb:20:in `catch'
web-console (3.7.0) lib/web_console/middleware.rb:20:in `call'
actionpack (5.2.2) lib/action_dispatch/middleware/show_exceptions.rb:33:in `call'
railties (5.2.2) lib/rails/rack/logger.rb:38:in `call_app'
railties (5.2.2) lib/rails/rack/logger.rb:26:in `block in call'
activesupport (5.2.2) lib/active_support/tagged_logging.rb:71:in `block in tagged'
activesupport (5.2.2) lib/active_support/tagged_logging.rb:28:in `tagged'
activesupport (5.2.2) lib/active_support/tagged_logging.rb:71:in `tagged'
railties (5.2.2) lib/rails/rack/logger.rb:26:in `call'
sprockets-rails (3.2.1) lib/sprockets/rails/quiet_assets.rb:13:in `call'
actionpack (5.2.2) lib/action_dispatch/middleware/remote_ip.rb:81:in `call'
actionpack (5.2.2) lib/action_dispatch/middleware/request_id.rb:27:in `call'
rack (2.0.6) lib/rack/method_override.rb:22:in `call'
rack (2.0.6) lib/rack/runtime.rb:22:in `call'
activesupport (5.2.2) lib/active_support/cache/strategy/local_cache_middleware.rb:29:in `call'
actionpack (5.2.2) lib/action_dispatch/middleware/executor.rb:14:in `call'
actionpack (5.2.2) lib/action_dispatch/middleware/static.rb:127:in `call'
rack (2.0.6) lib/rack/sendfile.rb:111:in `call'
railties (5.2.2) lib/rails/engine.rb:524:in `call'
puma (3.12.0) lib/puma/configuration.rb:225:in `call'
puma (3.12.0) lib/puma/server.rb:658:in `handle_request'
puma (3.12.0) lib/puma/server.rb:472:in `process_client'
puma (3.12.0) lib/puma/server.rb:332:in `block in run'
puma (3.12.0) lib/puma/thread_pool.rb:133:in `block in spawn_thread'
Started GET "/articles/new" for 127.0.0.1 at 2019-01-04 01:59:22 +0000
  
AbstractController::ActionNotFound (The action 'new' could not be found for ArticlesController):
  
actionpack (5.2.2) lib/abstract_controller/base.rb:129:in `process'
actionview (5.2.2) lib/action_view/rendering.rb:32:in `process'
actionpack (5.2.2) lib/action_controller/metal.rb:191:in `dispatch'
actionpack (5.2.2) lib/action_controller/metal.rb:252:in `dispatch'
actionpack (5.2.2) lib/action_dispatch/routing/route_set.rb:52:in `dispatch'
actionpack (5.2.2) lib/action_dispatch/routing/route_set.rb:34:in `serve'
actionpack (5.2.2) lib/action_dispatch/journey/router.rb:52:in `block in serve'
actionpack (5.2.2) lib/action_dispatch/journey/router.rb:35:in `each'
actionpack (5.2.2) lib/action_dispatch/journey/router.rb:35:in `serve'
actionpack (5.2.2) lib/action_dispatch/routing/route_set.rb:840:in `call'
rack (2.0.6) lib/rack/tempfile_reaper.rb:15:in `call'
rack (2.0.6) lib/rack/etag.rb:25:in `call'
rack (2.0.6) lib/rack/conditional_get.rb:25:in `call'
rack (2.0.6) lib/rack/head.rb:12:in `call'
actionpack (5.2.2) lib/action_dispatch/http/content_security_policy.rb:18:in `call'
rack (2.0.6) lib/rack/session/abstract/id.rb:232:in `context'
rack (2.0.6) lib/rack/session/abstract/id.rb:226:in `call'
actionpack (5.2.2) lib/action_dispatch/middleware/cookies.rb:670:in `call'
activerecord (5.2.2) lib/active_record/migration.rb:559:in `call'
actionpack (5.2.2) lib/action_dispatch/middleware/callbacks.rb:28:in `block in call'
activesupport (5.2.2) lib/active_support/callbacks.rb:98:in `run_callbacks'
actionpack (5.2.2) lib/action_dispatch/middleware/callbacks.rb:26:in `call'
actionpack (5.2.2) lib/action_dispatch/middleware/executor.rb:14:in `call'
actionpack (5.2.2) lib/action_dispatch/middleware/debug_exceptions.rb:61:in `call'
web-console (3.7.0) lib/web_console/middleware.rb:135:in `call_app'
web-console (3.7.0) lib/web_console/middleware.rb:30:in `block in call'
web-console (3.7.0) lib/web_console/middleware.rb:20:in `catch'
web-console (3.7.0) lib/web_console/middleware.rb:20:in `call'
actionpack (5.2.2) lib/action_dispatch/middleware/show_exceptions.rb:33:in `call'
railties (5.2.2) lib/rails/rack/logger.rb:38:in `call_app'
railties (5.2.2) lib/rails/rack/logger.rb:26:in `block in call'
activesupport (5.2.2) lib/active_support/tagged_logging.rb:71:in `block in tagged'
activesupport (5.2.2) lib/active_support/tagged_logging.rb:28:in `tagged'
activesupport (5.2.2) lib/active_support/tagged_logging.rb:71:in `tagged'
railties (5.2.2) lib/rails/rack/logger.rb:26:in `call'
sprockets-rails (3.2.1) lib/sprockets/rails/quiet_assets.rb:13:in `call'
actionpack (5.2.2) lib/action_dispatch/middleware/remote_ip.rb:81:in `call'
actionpack (5.2.2) lib/action_dispatch/middleware/request_id.rb:27:in `call'
rack (2.0.6) lib/rack/method_override.rb:22:in `call'
rack (2.0.6) lib/rack/runtime.rb:22:in `call'
activesupport (5.2.2) lib/active_support/cache/strategy/local_cache_middleware.rb:29:in `call'
actionpack (5.2.2) lib/action_dispatch/middleware/executor.rb:14:in `call'
actionpack (5.2.2) lib/action_dispatch/middleware/static.rb:127:in `call'
rack (2.0.6) lib/rack/sendfile.rb:111:in `call'
railties (5.2.2) lib/rails/engine.rb:524:in `call'
puma (3.12.0) lib/puma/configuration.rb:225:in `call'
puma (3.12.0) lib/puma/server.rb:658:in `handle_request'
puma (3.12.0) lib/puma/server.rb:472:in `process_client'
puma (3.12.0) lib/puma/server.rb:332:in `block in run'
puma (3.12.0) lib/puma/thread_pool.rb:133:in `block in spawn_thread'
Started GET "/articles/new" for 127.0.0.1 at 2019-01-04 02:00:22 +0000
Processing by ArticlesController#new as HTML
Completed 406 Not Acceptable in 295ms (ActiveRecord: 0.0ms)


  
ActionController::UnknownFormat (ArticlesController#new is missing a template for this request format and variant.

request.formats: ["text/html"]
request.variant: []

NOTE! For XHR/Ajax or API requests, this action would normally respond with 204 No Content: an empty white screen. Since you're loading it in a web browser, we assume that you expected to actually render a template, not nothing, so we're showing an error to be extra-clear. If you expect 204 No Content, carry on. That's what you'll get from an XHR or API request. Give it a shot.):
  
actionpack (5.2.2) lib/action_controller/metal/implicit_render.rb:55:in `default_render'
actionpack (5.2.2) lib/action_controller/metal/basic_implicit_render.rb:6:in `block in send_action'
actionpack (5.2.2) lib/action_controller/metal/basic_implicit_render.rb:6:in `tap'
actionpack (5.2.2) lib/action_controller/metal/basic_implicit_render.rb:6:in `send_action'
actionpack (5.2.2) lib/abstract_controller/base.rb:194:in `process_action'
actionpack (5.2.2) lib/action_controller/metal/rendering.rb:30:in `process_action'
actionpack (5.2.2) lib/abstract_controller/callbacks.rb:42:in `block in process_action'
activesupport (5.2.2) lib/active_support/callbacks.rb:132:in `run_callbacks'
actionpack (5.2.2) lib/abstract_controller/callbacks.rb:41:in `process_action'
actionpack (5.2.2) lib/action_controller/metal/rescue.rb:22:in `process_action'
actionpack (5.2.2) lib/action_controller/metal/instrumentation.rb:34:in `block in process_action'
activesupport (5.2.2) lib/active_support/notifications.rb:168:in `block in instrument'
activesupport (5.2.2) lib/active_support/notifications/instrumenter.rb:23:in `instrument'
activesupport (5.2.2) lib/active_support/notifications.rb:168:in `instrument'
actionpack (5.2.2) lib/action_controller/metal/instrumentation.rb:32:in `process_action'
actionpack (5.2.2) lib/action_controller/metal/params_wrapper.rb:256:in `process_action'
activerecord (5.2.2) lib/active_record/railties/controller_runtime.rb:24:in `process_action'
actionpack (5.2.2) lib/abstract_controller/base.rb:134:in `process'
actionview (5.2.2) lib/action_view/rendering.rb:32:in `process'
actionpack (5.2.2) lib/action_controller/metal.rb:191:in `dispatch'
actionpack (5.2.2) lib/action_controller/metal.rb:252:in `dispatch'
actionpack (5.2.2) lib/action_dispatch/routing/route_set.rb:52:in `dispatch'
actionpack (5.2.2) lib/action_dispatch/routing/route_set.rb:34:in `serve'
actionpack (5.2.2) lib/action_dispatch/journey/router.rb:52:in `block in serve'
actionpack (5.2.2) lib/action_dispatch/journey/router.rb:35:in `each'
actionpack (5.2.2) lib/action_dispatch/journey/router.rb:35:in `serve'
actionpack (5.2.2) lib/action_dispatch/routing/route_set.rb:840:in `call'
rack (2.0.6) lib/rack/tempfile_reaper.rb:15:in `call'
rack (2.0.6) lib/rack/etag.rb:25:in `call'
rack (2.0.6) lib/rack/conditional_get.rb:25:in `call'
rack (2.0.6) lib/rack/head.rb:12:in `call'
actionpack (5.2.2) lib/action_dispatch/http/content_security_policy.rb:18:in `call'
rack (2.0.6) lib/rack/session/abstract/id.rb:232:in `context'
rack (2.0.6) lib/rack/session/abstract/id.rb:226:in `call'
actionpack (5.2.2) lib/action_dispatch/middleware/cookies.rb:670:in `call'
activerecord (5.2.2) lib/active_record/migration.rb:559:in `call'
actionpack (5.2.2) lib/action_dispatch/middleware/callbacks.rb:28:in `block in call'
activesupport (5.2.2) lib/active_support/callbacks.rb:98:in `run_callbacks'
actionpack (5.2.2) lib/action_dispatch/middleware/callbacks.rb:26:in `call'
actionpack (5.2.2) lib/action_dispatch/middleware/executor.rb:14:in `call'
actionpack (5.2.2) lib/action_dispatch/middleware/debug_exceptions.rb:61:in `call'
web-console (3.7.0) lib/web_console/middleware.rb:135:in `call_app'
web-console (3.7.0) lib/web_console/middleware.rb:30:in `block in call'
web-console (3.7.0) lib/web_console/middleware.rb:20:in `catch'
web-console (3.7.0) lib/web_console/middleware.rb:20:in `call'
actionpack (5.2.2) lib/action_dispatch/middleware/show_exceptions.rb:33:in `call'
railties (5.2.2) lib/rails/rack/logger.rb:38:in `call_app'
railties (5.2.2) lib/rails/rack/logger.rb:26:in `block in call'
activesupport (5.2.2) lib/active_support/tagged_logging.rb:71:in `block in tagged'
activesupport (5.2.2) lib/active_support/tagged_logging.rb:28:in `tagged'
activesupport (5.2.2) lib/active_support/tagged_logging.rb:71:in `tagged'
railties (5.2.2) lib/rails/rack/logger.rb:26:in `call'
sprockets-rails (3.2.1) lib/sprockets/rails/quiet_assets.rb:13:in `call'
actionpack (5.2.2) lib/action_dispatch/middleware/remote_ip.rb:81:in `call'
actionpack (5.2.2) lib/action_dispatch/middleware/request_id.rb:27:in `call'
rack (2.0.6) lib/rack/method_override.rb:22:in `call'
rack (2.0.6) lib/rack/runtime.rb:22:in `call'
activesupport (5.2.2) lib/active_support/cache/strategy/local_cache_middleware.rb:29:in `call'
actionpack (5.2.2) lib/action_dispatch/middleware/executor.rb:14:in `call'
actionpack (5.2.2) lib/action_dispatch/middleware/static.rb:127:in `call'
rack (2.0.6) lib/rack/sendfile.rb:111:in `call'
railties (5.2.2) lib/rails/engine.rb:524:in `call'
puma (3.12.0) lib/puma/configuration.rb:225:in `call'
puma (3.12.0) lib/puma/server.rb:658:in `handle_request'
puma (3.12.0) lib/puma/server.rb:472:in `process_client'
puma (3.12.0) lib/puma/server.rb:332:in `block in run'
puma (3.12.0) lib/puma/thread_pool.rb:133:in `block in spawn_thread'
Started GET "/articles/new" for 127.0.0.1 at 2019-01-04 02:02:35 +0000
Processing by ArticlesController#new as HTML
  Rendering articles/new.html.erb within layouts/application
  Rendered articles/new.html.erb within layouts/application (0.5ms)
Completed 200 OK in 128ms (Views: 117.9ms | ActiveRecord: 0.0ms)


Started GET "/articles/new" for 127.0.0.1 at 2019-01-04 02:03:13 +0000
Processing by ArticlesController#new as HTML
  Rendering articles/new.html.erb within layouts/application
  Rendered articles/new.html.erb within layouts/application (46.8ms)
Completed 200 OK in 83ms (Views: 77.1ms | ActiveRecord: 0.0ms)


Started GET "/articles/new" for 127.0.0.1 at 2019-01-04 02:05:58 +0000
Processing by ArticlesController#new as HTML
  Rendering articles/new.html.erb within layouts/application
  Rendered articles/new.html.erb within layouts/application (1.7ms)
Completed 200 OK in 54ms (Views: 47.9ms | ActiveRecord: 0.0ms)


Started POST "/articles" for 127.0.0.1 at 2019-01-04 02:06:12 +0000
  
AbstractController::ActionNotFound (The action 'create' could not be found for ArticlesController):
  
actionpack (5.2.2) lib/abstract_controller/base.rb:129:in `process'
actionview (5.2.2) lib/action_view/rendering.rb:32:in `process'
actionpack (5.2.2) lib/action_controller/metal.rb:191:in `dispatch'
actionpack (5.2.2) lib/action_controller/metal.rb:252:in `dispatch'
actionpack (5.2.2) lib/action_dispatch/routing/route_set.rb:52:in `dispatch'
actionpack (5.2.2) lib/action_dispatch/routing/route_set.rb:34:in `serve'
actionpack (5.2.2) lib/action_dispatch/journey/router.rb:52:in `block in serve'
actionpack (5.2.2) lib/action_dispatch/journey/router.rb:35:in `each'
actionpack (5.2.2) lib/action_dispatch/journey/router.rb:35:in `serve'
actionpack (5.2.2) lib/action_dispatch/routing/route_set.rb:840:in `call'
rack (2.0.6) lib/rack/tempfile_reaper.rb:15:in `call'
rack (2.0.6) lib/rack/etag.rb:25:in `call'
rack (2.0.6) lib/rack/conditional_get.rb:38:in `call'
rack (2.0.6) lib/rack/head.rb:12:in `call'
actionpack (5.2.2) lib/action_dispatch/http/content_security_policy.rb:18:in `call'
rack (2.0.6) lib/rack/session/abstract/id.rb:232:in `context'
rack (2.0.6) lib/rack/session/abstract/id.rb:226:in `call'
actionpack (5.2.2) lib/action_dispatch/middleware/cookies.rb:670:in `call'
activerecord (5.2.2) lib/active_record/migration.rb:559:in `call'
actionpack (5.2.2) lib/action_dispatch/middleware/callbacks.rb:28:in `block in call'
activesupport (5.2.2) lib/active_support/callbacks.rb:98:in `run_callbacks'
actionpack (5.2.2) lib/action_dispatch/middleware/callbacks.rb:26:in `call'
actionpack (5.2.2) lib/action_dispatch/middleware/executor.rb:14:in `call'
actionpack (5.2.2) lib/action_dispatch/middleware/debug_exceptions.rb:61:in `call'
web-console (3.7.0) lib/web_console/middleware.rb:135:in `call_app'
web-console (3.7.0) lib/web_console/middleware.rb:30:in `block in call'
web-console (3.7.0) lib/web_console/middleware.rb:20:in `catch'
web-console (3.7.0) lib/web_console/middleware.rb:20:in `call'
actionpack (5.2.2) lib/action_dispatch/middleware/show_exceptions.rb:33:in `call'
railties (5.2.2) lib/rails/rack/logger.rb:38:in `call_app'
railties (5.2.2) lib/rails/rack/logger.rb:26:in `block in call'
activesupport (5.2.2) lib/active_support/tagged_logging.rb:71:in `block in tagged'
activesupport (5.2.2) lib/active_support/tagged_logging.rb:28:in `tagged'
activesupport (5.2.2) lib/active_support/tagged_logging.rb:71:in `tagged'
railties (5.2.2) lib/rails/rack/logger.rb:26:in `call'
sprockets-rails (3.2.1) lib/sprockets/rails/quiet_assets.rb:13:in `call'
actionpack (5.2.2) lib/action_dispatch/middleware/remote_ip.rb:81:in `call'
actionpack (5.2.2) lib/action_dispatch/middleware/request_id.rb:27:in `call'
rack (2.0.6) lib/rack/method_override.rb:22:in `call'
rack (2.0.6) lib/rack/runtime.rb:22:in `call'
activesupport (5.2.2) lib/active_support/cache/strategy/local_cache_middleware.rb:29:in `call'
actionpack (5.2.2) lib/action_dispatch/middleware/executor.rb:14:in `call'
actionpack (5.2.2) lib/action_dispatch/middleware/static.rb:127:in `call'
rack (2.0.6) lib/rack/sendfile.rb:111:in `call'
railties (5.2.2) lib/rails/engine.rb:524:in `call'
puma (3.12.0) lib/puma/configuration.rb:225:in `call'
puma (3.12.0) lib/puma/server.rb:658:in `handle_request'
puma (3.12.0) lib/puma/server.rb:472:in `process_client'
puma (3.12.0) lib/puma/server.rb:332:in `block in run'
puma (3.12.0) lib/puma/thread_pool.rb:133:in `block in spawn_thread'
Started POST "/articles" for 127.0.0.1 at 2019-01-04 02:06:55 +0000
Processing by ArticlesController#create as HTML
  Parameters: {"utf8"=>"✓", "authenticity_token"=>"HQMhxDL9OBgVQ6UdezhmT2/eBK4OAg9MaiUdWNtj8IPV4Zow8bBp2SeWvEipl58ywayBDmVQ6MzzMWy28mSnbQ==", "article"=>{"title"=>"article 1", "text"=>"this is article 1"}, "commit"=>"Save Article"}
No template found for ArticlesController#create, rendering head :no_content
Completed 204 No Content in 329ms (ActiveRecord: 0.0ms)


Started POST "/articles" for 127.0.0.1 at 2019-01-04 02:08:18 +0000
Processing by ArticlesController#create as HTML
  Parameters: {"utf8"=>"✓", "authenticity_token"=>"HQMhxDL9OBgVQ6UdezhmT2/eBK4OAg9MaiUdWNtj8IPV4Zow8bBp2SeWvEipl58ywayBDmVQ6MzzMWy28mSnbQ==", "article"=>{"title"=>"article 1", "text"=>"this is article 1"}, "commit"=>"Save Article"}
  Rendering text template
  Rendered text template (0.0ms)
Completed 200 OK in 5ms (Views: 4.5ms | ActiveRecord: 0.0ms)


  [1m[35m (0.1ms)[0m  [1m[34mSELECT sqlite_version(*)[0m
  ↳ /Users/Tech-A25/.rvm/rubies/ruby-2.5.3/lib/ruby/gems/2.5.0/gems/activesupport-5.2.2/lib/active_support/subscriber.rb:101
  [1m[35m (3.7ms)[0m  [1m[35mCREATE TABLE "schema_migrations" ("version" varchar NOT NULL PRIMARY KEY)[0m
  ↳ /Users/Tech-A25/.rvm/rubies/ruby-2.5.3/lib/ruby/gems/2.5.0/gems/activesupport-5.2.2/lib/active_support/subscriber.rb:101
  [1m[35m (1.8ms)[0m  [1m[35mCREATE TABLE "ar_internal_metadata" ("key" varchar NOT NULL PRIMARY KEY, "value" varchar, "created_at" datetime NOT NULL, "updated_at" datetime NOT NULL)[0m
  ↳ /Users/Tech-A25/.rvm/rubies/ruby-2.5.3/lib/ruby/gems/2.5.0/gems/activesupport-5.2.2/lib/active_support/subscriber.rb:101
  [1m[35m (0.4ms)[0m  [1m[34mSELECT "schema_migrations"."version" FROM "schema_migrations" ORDER BY "schema_migrations"."version" ASC[0m
  ↳ /Users/Tech-A25/.rvm/rubies/ruby-2.5.3/lib/ruby/gems/2.5.0/gems/activesupport-5.2.2/lib/active_support/subscriber.rb:101
Migrating to CreateArticles (20190104020922)
  [1m[35m (0.1ms)[0m  [1m[36mbegin transaction[0m
  ↳ /Users/Tech-A25/.rvm/rubies/ruby-2.5.3/lib/ruby/gems/2.5.0/gems/activesupport-5.2.2/lib/active_support/subscriber.rb:101
  [1m[35m (0.5ms)[0m  [1m[35mCREATE TABLE "articles" ("id" integer PRIMARY KEY AUTOINCREMENT NOT NULL, "title" varchar, "text" text, "created_at" datetime NOT NULL, "updated_at" datetime NOT NULL)[0m
  ↳ /Users/Tech-A25/.rvm/rubies/ruby-2.5.3/lib/ruby/gems/2.5.0/gems/activesupport-5.2.2/lib/active_support/subscriber.rb:101
  [1m[36mActiveRecord::SchemaMigration Create (0.4ms)[0m  [1m[32mINSERT INTO "schema_migrations" ("version") VALUES (?)[0m  [["version", "20190104020922"]]
  ↳ /Users/Tech-A25/.rvm/rubies/ruby-2.5.3/lib/ruby/gems/2.5.0/gems/activesupport-5.2.2/lib/active_support/subscriber.rb:101
  [1m[35m (2.9ms)[0m  [1m[36mcommit transaction[0m
  ↳ /Users/Tech-A25/.rvm/rubies/ruby-2.5.3/lib/ruby/gems/2.5.0/gems/activesupport-5.2.2/lib/active_support/subscriber.rb:101
  [1m[36mActiveRecord::InternalMetadata Load (0.3ms)[0m  [1m[34mSELECT  "ar_internal_metadata".* FROM "ar_internal_metadata" WHERE "ar_internal_metadata"."key" = ? LIMIT ?[0m  [["key", "environment"], ["LIMIT", 1]]
  ↳ /Users/Tech-A25/.rvm/rubies/ruby-2.5.3/lib/ruby/gems/2.5.0/gems/activesupport-5.2.2/lib/active_support/subscriber.rb:101
  [1m[35m (0.1ms)[0m  [1m[36mbegin transaction[0m
  ↳ /Users/Tech-A25/.rvm/rubies/ruby-2.5.3/lib/ruby/gems/2.5.0/gems/activesupport-5.2.2/lib/active_support/subscriber.rb:101
  [1m[36mActiveRecord::InternalMetadata Create (0.4ms)[0m  [1m[32mINSERT INTO "ar_internal_metadata" ("key", "value", "created_at", "updated_at") VALUES (?, ?, ?, ?)[0m  [["key", "environment"], ["value", "development"], ["created_at", "2019-01-04 02:11:42.696528"], ["updated_at", "2019-01-04 02:11:42.696528"]]
  ↳ /Users/Tech-A25/.rvm/rubies/ruby-2.5.3/lib/ruby/gems/2.5.0/gems/activesupport-5.2.2/lib/active_support/subscriber.rb:101
  [1m[35m (6.9ms)[0m  [1m[36mcommit transaction[0m
  ↳ /Users/Tech-A25/.rvm/rubies/ruby-2.5.3/lib/ruby/gems/2.5.0/gems/activesupport-5.2.2/lib/active_support/subscriber.rb:101
  [1m[35m (0.6ms)[0m  [1m[34mSELECT "schema_migrations"."version" FROM "schema_migrations" ORDER BY "schema_migrations"."version" ASC[0m
  ↳ /Users/Tech-A25/.rvm/rubies/ruby-2.5.3/lib/ruby/gems/2.5.0/gems/activesupport-5.2.2/lib/active_support/subscriber.rb:101
Started GET "/" for 127.0.0.1 at 2019-01-04 02:19:27 +0000
  [1m[35m (0.2ms)[0m  [1m[34mSELECT "schema_migrations"."version" FROM "schema_migrations" ORDER BY "schema_migrations"."version" ASC[0m
  ↳ /Users/Tech-A25/.rvm/rubies/ruby-2.5.3/lib/ruby/gems/2.5.0/gems/activesupport-5.2.2/lib/active_support/subscriber.rb:101
Processing by WelcomeController#index as HTML
  Rendering welcome/index.html.erb within layouts/application
  Rendered welcome/index.html.erb within layouts/application (0.4ms)
Completed 200 OK in 38ms (Views: 32.4ms | ActiveRecord: 0.0ms)


Started GET "/articles/new" for 127.0.0.1 at 2019-01-04 02:19:34 +0000
Processing by ArticlesController#new as HTML
  Rendering articles/new.html.erb within layouts/application
  Rendered articles/new.html.erb within layouts/application (3.5ms)
Completed 200 OK in 84ms (Views: 74.0ms | ActiveRecord: 0.0ms)


Started POST "/articles" for 127.0.0.1 at 2019-01-04 02:19:45 +0000
Processing by ArticlesController#create as HTML
  Parameters: {"utf8"=>"✓", "authenticity_token"=>"TwsgO2aDAQLHJzvZxpHn3UEmRMwFBYkdjTMVknlE9iiH6ZvPpc5Qw/XyIowUPh6g71TBbG5Xbp0UJ2R8UEOhxg==", "article"=>{"title"=>"article 1", "text"=>"this is article one"}, "commit"=>"Save Article"}
Completed 500 Internal Server Error in 16ms (ActiveRecord: 1.1ms)


  
ActiveModel::ForbiddenAttributesError (ActiveModel::ForbiddenAttributesError):
  
app/controllers/articles_controller.rb:7:in `create'
Started GET "/articles/new" for 127.0.0.1 at 2019-01-04 02:24:32 +0000
Processing by ArticlesController#new as HTML
  Rendering articles/new.html.erb within layouts/application
  Rendered articles/new.html.erb within layouts/application (1.6ms)
Completed 200 OK in 48ms (Views: 41.6ms | ActiveRecord: 0.0ms)


Started POST "/articles" for 127.0.0.1 at 2019-01-04 02:24:40 +0000
Processing by ArticlesController#create as HTML
  Parameters: {"utf8"=>"✓", "authenticity_token"=>"pjTVZToAJCFphx+YOllb44VhT+nzGcvt8rtlEM8WVjJu1m6R+U114FtSBs3o9qKeKxPKSZhLLG1rrxT+5hEB3A==", "article"=>{"title"=>"article 1", "text"=>"article one"}, "commit"=>"Save Article"}
Completed 500 Internal Server Error in 14ms (ActiveRecord: 0.9ms)


  
ActiveModel::ForbiddenAttributesError (ActiveModel::ForbiddenAttributesError):
  
app/controllers/articles_controller.rb:7:in `create'
Started GET "/articles/new" for 127.0.0.1 at 2019-01-04 02:27:58 +0000
Processing by ArticlesController#new as HTML
  Rendering articles/new.html.erb within layouts/application
  Rendered articles/new.html.erb within layouts/application (1.7ms)
Completed 200 OK in 47ms (Views: 41.9ms | ActiveRecord: 0.0ms)


Started POST "/articles" for 127.0.0.1 at 2019-01-04 02:28:07 +0000
Processing by ArticlesController#create as HTML
  Parameters: {"utf8"=>"✓", "authenticity_token"=>"bytfotnIGiKhOzLr0fjaV+GIyXoyaP+07B8EhqetrKOnyeRWGoVL45PuK74DVyMqT/pM2lk6GDR1C3Vojqr7TQ==", "article"=>{"title"=>"article 1", "text"=>"article 1"}, "commit"=>"Save Article"}
Completed 500 Internal Server Error in 12ms (ActiveRecord: 0.7ms)


  
ActiveModel::ForbiddenAttributesError (ActiveModel::ForbiddenAttributesError):
  
app/controllers/articles_controller.rb:11:in `create'
Started GET "/articles/new" for 127.0.0.1 at 2019-01-04 02:30:12 +0000
Processing by ArticlesController#new as HTML
  Rendering articles/new.html.erb within layouts/application
  Rendered articles/new.html.erb within layouts/application (3.4ms)
Completed 200 OK in 80ms (Views: 70.1ms | ActiveRecord: 0.0ms)


Started POST "/articles" for 127.0.0.1 at 2019-01-04 02:30:19 +0000
Processing by ArticlesController#create as HTML
  Parameters: {"utf8"=>"✓", "authenticity_token"=>"JY2UVxbPzQOI7Pupvkpb2N2V2QKZvBndH8EREDx2kuLtby+j1YKcwro54vxs5aKlc+dcovLu/l2G1WD+FXHFDA==", "article"=>{"title"=>"article 1", "text"=>"article 1"}, "commit"=>"Save Article"}
  [1m[35m (0.2ms)[0m  [1m[36mbegin transaction[0m
  ↳ /Users/Tech-A25/.rvm/rubies/ruby-2.5.3/lib/ruby/gems/2.5.0/gems/activesupport-5.2.2/lib/active_support/subscriber.rb:101
  [1m[36mArticle Create (1.7ms)[0m  [1m[32mINSERT INTO "articles" ("title", "text", "created_at", "updated_at") VALUES (?, ?, ?, ?)[0m  [["title", "article 1"], ["text", "article 1"], ["created_at", "2019-01-04 02:30:19.092622"], ["updated_at", "2019-01-04 02:30:19.092622"]]
  ↳ /Users/Tech-A25/.rvm/rubies/ruby-2.5.3/lib/ruby/gems/2.5.0/gems/activesupport-5.2.2/lib/active_support/subscriber.rb:101
  [1m[35m (2.8ms)[0m  [1m[36mcommit transaction[0m
  ↳ /Users/Tech-A25/.rvm/rubies/ruby-2.5.3/lib/ruby/gems/2.5.0/gems/activesupport-5.2.2/lib/active_support/subscriber.rb:101
Redirected to http://localhost:3000/articles/1
Completed 302 Found in 27ms (ActiveRecord: 6.6ms)


Started GET "/articles/1" for 127.0.0.1 at 2019-01-04 02:30:19 +0000
Processing by ArticlesController#show as HTML
  Parameters: {"id"=>"1"}
  [1m[36mArticle Load (0.3ms)[0m  [1m[34mSELECT  "articles".* FROM "articles" WHERE "articles"."id" = ? LIMIT ?[0m  [["id", 1], ["LIMIT", 1]]
  ↳ /Users/Tech-A25/.rvm/rubies/ruby-2.5.3/lib/ruby/gems/2.5.0/gems/activesupport-5.2.2/lib/active_support/subscriber.rb:101
  Rendering articles/show.html.erb within layouts/application
  Rendered articles/show.html.erb within layouts/application (0.5ms)
Completed 200 OK in 56ms (Views: 40.4ms | ActiveRecord: 0.3ms)


Started GET "/articles/1" for 127.0.0.1 at 2019-01-04 02:31:16 +0000
Processing by ArticlesController#show as HTML
  Parameters: {"id"=>"1"}
  [1m[36mArticle Load (0.1ms)[0m  [1m[34mSELECT  "articles".* FROM "articles" WHERE "articles"."id" = ? LIMIT ?[0m  [["id", 1], ["LIMIT", 1]]
  ↳ /Users/Tech-A25/.rvm/rubies/ruby-2.5.3/lib/ruby/gems/2.5.0/gems/activesupport-5.2.2/lib/active_support/subscriber.rb:101
  Rendering articles/show.html.erb within layouts/application
  Rendered articles/show.html.erb within layouts/application (0.5ms)
Completed 200 OK in 46ms (Views: 32.8ms | ActiveRecord: 0.9ms)


Started GET "/articles/1" for 127.0.0.1 at 2019-01-04 02:31:17 +0000
Processing by ArticlesController#show as HTML
  Parameters: {"id"=>"1"}
  [1m[36mArticle Load (0.2ms)[0m  [1m[34mSELECT  "articles".* FROM "articles" WHERE "articles"."id" = ? LIMIT ?[0m  [["id", 1], ["LIMIT", 1]]
  ↳ /Users/Tech-A25/.rvm/rubies/ruby-2.5.3/lib/ruby/gems/2.5.0/gems/activesupport-5.2.2/lib/active_support/subscriber.rb:101
  Rendering articles/show.html.erb within layouts/application
  Rendered articles/show.html.erb within layouts/application (0.5ms)
Completed 200 OK in 49ms (Views: 39.4ms | ActiveRecord: 0.2ms)


Started GET "/articles/new" for 127.0.0.1 at 2019-01-04 18:07:37 +0000
Processing by ArticlesController#new as HTML
  Rendering articles/new.html.erb within layouts/application
  Rendered articles/new.html.erb within layouts/application (14.9ms)
Completed 200 OK in 153ms (Views: 132.8ms | ActiveRecord: 0.0ms)


Started POST "/articles" for 127.0.0.1 at 2019-01-04 18:08:22 +0000
Processing by ArticlesController#create as HTML
  Parameters: {"utf8"=>"✓", "authenticity_token"=>"XHsSd9RuUlORGPUsLa7d6Cb5OfphD1op3/X1c3T6FhiUmamDFyMDkqPN7Hn/ASSViIu8WgpdvalG4YSdXf1B9g==", "article"=>{"title"=>"article 1", "text"=>"Article one"}, "commit"=>"Save Article"}
  [1m[35m (0.1ms)[0m  [1m[36mbegin transaction[0m
  ↳ /Users/Tech-A25/.rvm/rubies/ruby-2.5.3/lib/ruby/gems/2.5.0/gems/activesupport-5.2.2/lib/active_support/subscriber.rb:101
  [1m[36mArticle Create (4.4ms)[0m  [1m[32mINSERT INTO "articles" ("title", "text", "created_at", "updated_at") VALUES (?, ?, ?, ?)[0m  [["title", "article 1"], ["text", "Article one"], ["created_at", "2019-01-04 18:08:22.461748"], ["updated_at", "2019-01-04 18:08:22.461748"]]
  ↳ /Users/Tech-A25/.rvm/rubies/ruby-2.5.3/lib/ruby/gems/2.5.0/gems/activesupport-5.2.2/lib/active_support/subscriber.rb:101
  [1m[35m (3.4ms)[0m  [1m[36mcommit transaction[0m
  ↳ /Users/Tech-A25/.rvm/rubies/ruby-2.5.3/lib/ruby/gems/2.5.0/gems/activesupport-5.2.2/lib/active_support/subscriber.rb:101
Redirected to http://localhost:3000/articles/2
Completed 302 Found in 77ms (ActiveRecord: 12.3ms)


Started GET "/articles/2" for 127.0.0.1 at 2019-01-04 18:08:22 +0000
Processing by ArticlesController#show as HTML
  Parameters: {"id"=>"2"}
  [1m[36mArticle Load (0.2ms)[0m  [1m[34mSELECT  "articles".* FROM "articles" WHERE "articles"."id" = ? LIMIT ?[0m  [["id", 2], ["LIMIT", 1]]
  ↳ /Users/Tech-A25/.rvm/rubies/ruby-2.5.3/lib/ruby/gems/2.5.0/gems/activesupport-5.2.2/lib/active_support/subscriber.rb:101
  Rendering articles/show.html.erb within layouts/application
  Rendered articles/show.html.erb within layouts/application (0.5ms)
Completed 200 OK in 49ms (Views: 37.1ms | ActiveRecord: 0.2ms)


Started GET "/articles" for 127.0.0.1 at 2019-01-04 18:10:06 +0000
Processing by ArticlesController#index as HTML
  Rendering articles/index.html.erb within layouts/application
  [1m[36mArticle Load (0.2ms)[0m  [1m[34mSELECT "articles".* FROM "articles"[0m
  ↳ /Users/Tech-A25/.rvm/rubies/ruby-2.5.3/lib/ruby/gems/2.5.0/gems/activesupport-5.2.2/lib/active_support/subscriber.rb:101
  Rendered articles/index.html.erb within layouts/application (7.7ms)
Completed 200 OK in 60ms (Views: 49.8ms | ActiveRecord: 0.9ms)


Started GET "/" for 127.0.0.1 at 2019-01-04 18:14:31 +0000
Processing by WelcomeController#index as HTML
  Rendering welcome/index.html.erb within layouts/application
  Rendered welcome/index.html.erb within layouts/application (1.4ms)
Completed 200 OK in 54ms (Views: 47.7ms | ActiveRecord: 0.0ms)


Started GET "/articles" for 127.0.0.1 at 2019-01-04 18:14:34 +0000
Processing by ArticlesController#index as HTML
  Rendering articles/index.html.erb within layouts/application
  [1m[36mArticle Load (0.2ms)[0m  [1m[34mSELECT "articles".* FROM "articles"[0m
  ↳ /Users/Tech-A25/.rvm/rubies/ruby-2.5.3/lib/ruby/gems/2.5.0/gems/activesupport-5.2.2/lib/active_support/subscriber.rb:101
  Rendered articles/index.html.erb within layouts/application (2.1ms)
Completed 200 OK in 43ms (Views: 35.9ms | ActiveRecord: 0.2ms)


Started GET "/articles/1" for 127.0.0.1 at 2019-01-04 18:14:36 +0000
Processing by ArticlesController#show as HTML
  Parameters: {"id"=>"1"}
  [1m[36mArticle Load (0.3ms)[0m  [1m[34mSELECT  "articles".* FROM "articles" WHERE "articles"."id" = ? LIMIT ?[0m  [["id", 1], ["LIMIT", 1]]
  ↳ /Users/Tech-A25/.rvm/rubies/ruby-2.5.3/lib/ruby/gems/2.5.0/gems/activesupport-5.2.2/lib/active_support/subscriber.rb:101
  Rendering articles/show.html.erb within layouts/application
  Rendered articles/show.html.erb within layouts/application (0.5ms)
Completed 200 OK in 50ms (Views: 38.2ms | ActiveRecord: 0.3ms)


Started GET "/articles/2" for 127.0.0.1 at 2019-01-04 18:14:39 +0000
Processing by ArticlesController#show as HTML
  Parameters: {"id"=>"2"}
  [1m[36mArticle Load (0.3ms)[0m  [1m[34mSELECT  "articles".* FROM "articles" WHERE "articles"."id" = ? LIMIT ?[0m  [["id", 2], ["LIMIT", 1]]
  ↳ /Users/Tech-A25/.rvm/rubies/ruby-2.5.3/lib/ruby/gems/2.5.0/gems/activesupport-5.2.2/lib/active_support/subscriber.rb:101
  Rendering articles/show.html.erb within layouts/application
  Rendered articles/show.html.erb within layouts/application (0.5ms)
Completed 200 OK in 40ms (Views: 31.6ms | ActiveRecord: 0.3ms)


Started GET "/articles/new" for 127.0.0.1 at 2019-01-04 18:14:41 +0000
Processing by ArticlesController#new as HTML
  Rendering articles/new.html.erb within layouts/application
  Rendered articles/new.html.erb within layouts/application (1.8ms)
Completed 200 OK in 44ms (Views: 36.4ms | ActiveRecord: 0.0ms)


Started GET "/articles" for 127.0.0.1 at 2019-01-04 18:14:58 +0000
Processing by ArticlesController#index as HTML
  Rendering articles/index.html.erb within layouts/application
  [1m[36mArticle Load (0.2ms)[0m  [1m[34mSELECT "articles".* FROM "articles"[0m
  ↳ /Users/Tech-A25/.rvm/rubies/ruby-2.5.3/lib/ruby/gems/2.5.0/gems/activesupport-5.2.2/lib/active_support/subscriber.rb:101
  Rendered articles/index.html.erb within layouts/application (1.9ms)
Completed 200 OK in 50ms (Views: 37.8ms | ActiveRecord: 0.2ms)


Started GET "/articles/1" for 127.0.0.1 at 2019-01-04 18:15:23 +0000
Processing by ArticlesController#show as HTML
  Parameters: {"id"=>"1"}
  [1m[36mArticle Load (0.2ms)[0m  [1m[34mSELECT  "articles".* FROM "articles" WHERE "articles"."id" = ? LIMIT ?[0m  [["id", 1], ["LIMIT", 1]]
  ↳ /Users/Tech-A25/.rvm/rubies/ruby-2.5.3/lib/ruby/gems/2.5.0/gems/activesupport-5.2.2/lib/active_support/subscriber.rb:101
  Rendering articles/show.html.erb within layouts/application
  Rendered articles/show.html.erb within layouts/application (0.4ms)
Completed 200 OK in 45ms (Views: 38.9ms | ActiveRecord: 0.2ms)


Started GET "/articles" for 127.0.0.1 at 2019-01-04 18:17:13 +0000
Processing by ArticlesController#index as HTML
  Rendering articles/index.html.erb within layouts/application
  [1m[36mArticle Load (0.2ms)[0m  [1m[34mSELECT "articles".* FROM "articles"[0m
  ↳ /Users/Tech-A25/.rvm/rubies/ruby-2.5.3/lib/ruby/gems/2.5.0/gems/activesupport-5.2.2/lib/active_support/subscriber.rb:101
  Rendered articles/index.html.erb within layouts/application (3.7ms)
Completed 200 OK in 50ms (Views: 40.2ms | ActiveRecord: 0.2ms)


Started GET "/" for 127.0.0.1 at 2019-01-04 18:17:17 +0000
Processing by WelcomeController#index as HTML
  Rendering welcome/index.html.erb within layouts/application
  Rendered welcome/index.html.erb within layouts/application (1.3ms)
Completed 200 OK in 56ms (Views: 47.0ms | ActiveRecord: 0.0ms)


Started GET "/articles/new" for 127.0.0.1 at 2019-01-04 18:31:16 +0000
Processing by ArticlesController#new as HTML
  Rendering articles/new.html.erb within layouts/application
  Rendered articles/new.html.erb within layouts/application (2.9ms)
Completed 200 OK in 78ms (Views: 52.8ms | ActiveRecord: 1.9ms)


Started POST "/articles" for 127.0.0.1 at 2019-01-04 18:31:29 +0000
Processing by ArticlesController#create as HTML
  Parameters: {"utf8"=>"✓", "authenticity_token"=>"+D0bteqUnT+tVXLNGP64gNfqz9fF/f4MOqqyobfz2zgw36BBKdnM/p+Aa5jKUUH9eZhKd66vGYyjvsNPnvSM1g==", "article"=>{"title"=>"", "text"=>""}, "commit"=>"Save Article"}
  [1m[35m (0.1ms)[0m  [1m[36mbegin transaction[0m
  ↳ /Users/Tech-A25/.rvm/rubies/ruby-2.5.3/lib/ruby/gems/2.5.0/gems/activesupport-5.2.2/lib/active_support/subscriber.rb:101
  [1m[35m (0.1ms)[0m  [1m[31mrollback transaction[0m
  ↳ /Users/Tech-A25/.rvm/rubies/ruby-2.5.3/lib/ruby/gems/2.5.0/gems/activesupport-5.2.2/lib/active_support/subscriber.rb:101
  Rendering articles/new.html.erb within layouts/application
  Rendered articles/new.html.erb within layouts/application (3.9ms)
Completed 200 OK in 51ms (Views: 43.5ms | ActiveRecord: 0.2ms)


Started POST "/articles" for 127.0.0.1 at 2019-01-04 18:31:33 +0000
Processing by ArticlesController#create as HTML
  Parameters: {"utf8"=>"✓", "authenticity_token"=>"GVwfdOZ90CzVSOUX+sKStqlkXJVdqadWhD2lRjK3W6rRvqSAJTCB7eed/EIobWvLBxbZNTb7QNYdKdSoG7AMRA==", "article"=>{"title"=>"", "text"=>""}, "commit"=>"Save Article"}
  [1m[35m (0.1ms)[0m  [1m[36mbegin transaction[0m
  ↳ /Users/Tech-A25/.rvm/rubies/ruby-2.5.3/lib/ruby/gems/2.5.0/gems/activesupport-5.2.2/lib/active_support/subscriber.rb:101
  [1m[35m (0.4ms)[0m  [1m[31mrollback transaction[0m
  ↳ /Users/Tech-A25/.rvm/rubies/ruby-2.5.3/lib/ruby/gems/2.5.0/gems/activesupport-5.2.2/lib/active_support/subscriber.rb:101
  Rendering articles/new.html.erb within layouts/application
  Rendered articles/new.html.erb within layouts/application (2.1ms)
Completed 200 OK in 55ms (Views: 49.2ms | ActiveRecord: 0.5ms)


Started GET "/articles/new" for 127.0.0.1 at 2019-01-04 18:37:44 +0000
Processing by ArticlesController#new as HTML
  Rendering articles/new.html.erb within layouts/application
  Rendered articles/new.html.erb within layouts/application (2.0ms)
Completed 200 OK in 49ms (Views: 41.4ms | ActiveRecord: 0.0ms)


Started POST "/articles" for 127.0.0.1 at 2019-01-04 18:37:58 +0000
Processing by ArticlesController#create as HTML
  Parameters: {"utf8"=>"✓", "authenticity_token"=>"YkJqJcDR3prHNifbL95I4MHNranYyGxcdmmxr8jDbROqoNHRA5yPW/XjPo79cbGdb78oCbOai9zvfcBB4cQ6/Q==", "article"=>{"title"=>"", "text"=>""}, "commit"=>"Save Article"}
  [1m[35m (0.1ms)[0m  [1m[36mbegin transaction[0m
  ↳ /Users/Tech-A25/.rvm/rubies/ruby-2.5.3/lib/ruby/gems/2.5.0/gems/activesupport-5.2.2/lib/active_support/subscriber.rb:101
  [1m[35m (0.0ms)[0m  [1m[31mrollback transaction[0m
  ↳ /Users/Tech-A25/.rvm/rubies/ruby-2.5.3/lib/ruby/gems/2.5.0/gems/activesupport-5.2.2/lib/active_support/subscriber.rb:101
  Rendering articles/new.html.erb within layouts/application
  Rendered articles/new.html.erb within layouts/application (4.9ms)
Completed 200 OK in 51ms (Views: 46.4ms | ActiveRecord: 0.1ms)


Started GET "/" for 127.0.0.1 at 2019-01-04 18:42:48 +0000
Processing by WelcomeController#index as HTML
  Rendering welcome/index.html.erb within layouts/application
  Rendered welcome/index.html.erb within layouts/application (1.3ms)
Completed 200 OK in 63ms (Views: 56.5ms | ActiveRecord: 0.0ms)


Started GET "/" for 127.0.0.1 at 2019-01-04 18:59:34 +0000
Processing by WelcomeController#index as HTML
  Rendering welcome/index.html.erb within layouts/application
  Rendered welcome/index.html.erb within layouts/application (1.0ms)
Completed 200 OK in 40ms (Views: 33.8ms | ActiveRecord: 0.0ms)


Started GET "/articles" for 127.0.0.1 at 2019-01-04 18:59:35 +0000
Processing by ArticlesController#index as HTML
  Rendering articles/index.html.erb within layouts/application
  [1m[36mArticle Load (0.3ms)[0m  [1m[34mSELECT "articles".* FROM "articles"[0m
  ↳ /Users/Tech-A25/.rvm/rubies/ruby-2.5.3/lib/ruby/gems/2.5.0/gems/activesupport-5.2.2/lib/active_support/subscriber.rb:101
  Rendered articles/index.html.erb within layouts/application (7.5ms)
Completed 200 OK in 49ms (Views: 37.2ms | ActiveRecord: 0.9ms)


Started GET "/articles" for 127.0.0.1 at 2019-01-04 19:51:16 +0000
Processing by ArticlesController#index as HTML
  Rendering articles/index.html.erb within layouts/application
  [1m[36mArticle Load (0.2ms)[0m  [1m[34mSELECT "articles".* FROM "articles"[0m
  ↳ /Users/Tech-A25/.rvm/rubies/ruby-2.5.3/lib/ruby/gems/2.5.0/gems/activesupport-5.2.2/lib/active_support/subscriber.rb:101
  Rendered articles/index.html.erb within layouts/application (7.5ms)
Completed 200 OK in 65ms (Views: 54.9ms | ActiveRecord: 0.9ms)


Started DELETE "/articles/1" for 127.0.0.1 at 2019-01-04 19:51:20 +0000
Processing by ArticlesController#destroy as HTML
  Parameters: {"authenticity_token"=>"ByJUcryocj+o4jJGdjm1fcrz2Orc7tGUYnD2EhRq07DPwO+Gf+Uj/po3KxOklkwAZIFdSre8NhT7ZIf8PW2EXg==", "id"=>"1"}
  [1m[36mArticle Load (0.8ms)[0m  [1m[34mSELECT  "articles".* FROM "articles" WHERE "articles"."id" = ? LIMIT ?[0m  [["id", 1], ["LIMIT", 1]]
  ↳ /Users/Tech-A25/.rvm/rubies/ruby-2.5.3/lib/ruby/gems/2.5.0/gems/activesupport-5.2.2/lib/active_support/subscriber.rb:101
  [1m[35m (0.1ms)[0m  [1m[36mbegin transaction[0m
  ↳ /Users/Tech-A25/.rvm/rubies/ruby-2.5.3/lib/ruby/gems/2.5.0/gems/activesupport-5.2.2/lib/active_support/subscriber.rb:101
  [1m[36mArticle Destroy (2.8ms)[0m  [1m[31mDELETE FROM "articles" WHERE "articles"."id" = ?[0m  [["id", 1]]
  ↳ /Users/Tech-A25/.rvm/rubies/ruby-2.5.3/lib/ruby/gems/2.5.0/gems/activesupport-5.2.2/lib/active_support/subscriber.rb:101
  [1m[35m (4.4ms)[0m  [1m[36mcommit transaction[0m
  ↳ /Users/Tech-A25/.rvm/rubies/ruby-2.5.3/lib/ruby/gems/2.5.0/gems/activesupport-5.2.2/lib/active_support/subscriber.rb:101
Redirected to http://localhost:3000/articles
Completed 302 Found in 19ms (ActiveRecord: 8.1ms)


Started GET "/articles" for 127.0.0.1 at 2019-01-04 19:51:20 +0000
Processing by ArticlesController#index as HTML
  Rendering articles/index.html.erb within layouts/application
  [1m[36mArticle Load (0.2ms)[0m  [1m[34mSELECT "articles".* FROM "articles"[0m
  ↳ /Users/Tech-A25/.rvm/rubies/ruby-2.5.3/lib/ruby/gems/2.5.0/gems/activesupport-5.2.2/lib/active_support/subscriber.rb:101
  Rendered articles/index.html.erb within layouts/application (1.8ms)
Completed 200 OK in 52ms (Views: 43.2ms | ActiveRecord: 0.2ms)


Started GET "/articles/2" for 127.0.0.1 at 2019-01-04 19:51:22 +0000
Processing by ArticlesController#show as HTML
  Parameters: {"id"=>"2"}
  [1m[36mArticle Load (0.2ms)[0m  [1m[34mSELECT  "articles".* FROM "articles" WHERE "articles"."id" = ? LIMIT ?[0m  [["id", 2], ["LIMIT", 1]]
  ↳ /Users/Tech-A25/.rvm/rubies/ruby-2.5.3/lib/ruby/gems/2.5.0/gems/activesupport-5.2.2/lib/active_support/subscriber.rb:101
  Rendering articles/show.html.erb within layouts/application
  Rendered articles/show.html.erb within layouts/application (1.0ms)
Completed 200 OK in 44ms (Views: 37.3ms | ActiveRecord: 0.2ms)


Started GET "/articles" for 127.0.0.1 at 2019-01-04 19:51:23 +0000
Processing by ArticlesController#index as HTML
  Rendering articles/index.html.erb within layouts/application
  [1m[36mArticle Load (0.2ms)[0m  [1m[34mSELECT "articles".* FROM "articles"[0m
  ↳ /Users/Tech-A25/.rvm/rubies/ruby-2.5.3/lib/ruby/gems/2.5.0/gems/activesupport-5.2.2/lib/active_support/subscriber.rb:101
  Rendered articles/index.html.erb within layouts/application (2.3ms)
Completed 200 OK in 64ms (Views: 51.4ms | ActiveRecord: 0.2ms)


Started GET "/articles/2/edit" for 127.0.0.1 at 2019-01-04 19:51:24 +0000
Processing by ArticlesController#edit as HTML
  Parameters: {"id"=>"2"}
  [1m[36mArticle Load (0.3ms)[0m  [1m[34mSELECT  "articles".* FROM "articles" WHERE "articles"."id" = ? LIMIT ?[0m  [["id", 2], ["LIMIT", 1]]
  ↳ /Users/Tech-A25/.rvm/rubies/ruby-2.5.3/lib/ruby/gems/2.5.0/gems/activesupport-5.2.2/lib/active_support/subscriber.rb:101
  Rendering articles/edit.html.erb within layouts/application
  Rendered articles/_form.html.erb (3.0ms)
  Rendered articles/edit.html.erb within layouts/application (7.9ms)
Completed 200 OK in 54ms (Views: 40.3ms | ActiveRecord: 0.3ms)


Started GET "/articles" for 127.0.0.1 at 2019-01-04 19:51:26 +0000
Processing by ArticlesController#index as HTML
  Rendering articles/index.html.erb within layouts/application
  [1m[36mArticle Load (0.2ms)[0m  [1m[34mSELECT "articles".* FROM "articles"[0m
  ↳ /Users/Tech-A25/.rvm/rubies/ruby-2.5.3/lib/ruby/gems/2.5.0/gems/activesupport-5.2.2/lib/active_support/subscriber.rb:101
  Rendered articles/index.html.erb within layouts/application (1.9ms)
Completed 200 OK in 51ms (Views: 39.2ms | ActiveRecord: 0.2ms)


Started GET "/articles/new" for 127.0.0.1 at 2019-01-04 19:51:27 +0000
Processing by ArticlesController#new as HTML
  Rendering articles/new.html.erb within layouts/application
  Rendered articles/_form.html.erb (2.3ms)
  Rendered articles/new.html.erb within layouts/application (7.6ms)
Completed 200 OK in 51ms (Views: 43.9ms | ActiveRecord: 0.0ms)


Started GET "/articles" for 127.0.0.1 at 2019-01-04 19:51:30 +0000
Processing by ArticlesController#index as HTML
  Rendering articles/index.html.erb within layouts/application
  [1m[36mArticle Load (0.2ms)[0m  [1m[34mSELECT "articles".* FROM "articles"[0m
  ↳ /Users/Tech-A25/.rvm/rubies/ruby-2.5.3/lib/ruby/gems/2.5.0/gems/activesupport-5.2.2/lib/active_support/subscriber.rb:101
  Rendered articles/index.html.erb within layouts/application (1.7ms)
Completed 200 OK in 49ms (Views: 36.0ms | ActiveRecord: 0.2ms)


Started GET "/articles/2/edit" for 127.0.0.1 at 2019-01-04 19:51:38 +0000
Processing by ArticlesController#edit as HTML
  Parameters: {"id"=>"2"}
  [1m[36mArticle Load (0.3ms)[0m  [1m[34mSELECT  "articles".* FROM "articles" WHERE "articles"."id" = ? LIMIT ?[0m  [["id", 2], ["LIMIT", 1]]
  ↳ /Users/Tech-A25/.rvm/rubies/ruby-2.5.3/lib/ruby/gems/2.5.0/gems/activesupport-5.2.2/lib/active_support/subscriber.rb:101
  Rendering articles/edit.html.erb within layouts/application
  Rendered articles/_form.html.erb (3.0ms)
  Rendered articles/edit.html.erb within layouts/application (8.1ms)
Completed 200 OK in 61ms (Views: 48.7ms | ActiveRecord: 0.3ms)


Started GET "/" for 127.0.0.1 at 2019-01-04 19:51:43 +0000
Processing by WelcomeController#index as HTML
  Rendering welcome/index.html.erb within layouts/application
  Rendered welcome/index.html.erb within layouts/application (0.9ms)
Completed 200 OK in 51ms (Views: 43.1ms | ActiveRecord: 0.0ms)


Started GET "/articles" for 127.0.0.1 at 2019-01-04 19:51:50 +0000
Processing by ArticlesController#index as HTML
  Rendering articles/index.html.erb within layouts/application
  [1m[36mArticle Load (0.2ms)[0m  [1m[34mSELECT "articles".* FROM "articles"[0m
  ↳ /Users/Tech-A25/.rvm/rubies/ruby-2.5.3/lib/ruby/gems/2.5.0/gems/activesupport-5.2.2/lib/active_support/subscriber.rb:101
  Rendered articles/index.html.erb within layouts/application (2.4ms)
Completed 200 OK in 49ms (Views: 40.5ms | ActiveRecord: 0.2ms)


  [1m[35m (0.2ms)[0m  [1m[34mSELECT "schema_migrations"."version" FROM "schema_migrations" ORDER BY "schema_migrations"."version" ASC[0m
  ↳ /Users/Tech-A25/.rvm/rubies/ruby-2.5.3/lib/ruby/gems/2.5.0/gems/activesupport-5.2.2/lib/active_support/subscriber.rb:101
Migrating to CreateComments (20190104195309)
  [1m[35m (0.1ms)[0m  [1m[36mbegin transaction[0m
  ↳ /Users/Tech-A25/.rvm/rubies/ruby-2.5.3/lib/ruby/gems/2.5.0/gems/activesupport-5.2.2/lib/active_support/subscriber.rb:101
  [1m[35m (0.1ms)[0m  [1m[34mSELECT sqlite_version(*)[0m
  ↳ /Users/Tech-A25/.rvm/rubies/ruby-2.5.3/lib/ruby/gems/2.5.0/gems/activesupport-5.2.2/lib/active_support/subscriber.rb:101
  [1m[35m (3.4ms)[0m  [1m[35mCREATE TABLE "comments" ("id" integer PRIMARY KEY AUTOINCREMENT NOT NULL, "commenter" varchar, "body" text, "article_id" integer, "created_at" datetime NOT NULL, "updated_at" datetime NOT NULL, CONSTRAINT "fk_rails_3bf61a60d3"
FOREIGN KEY ("article_id")
  REFERENCES "articles" ("id")
)[0m
  ↳ /Users/Tech-A25/.rvm/rubies/ruby-2.5.3/lib/ruby/gems/2.5.0/gems/activesupport-5.2.2/lib/active_support/subscriber.rb:101
  [1m[35m (0.2ms)[0m  [1m[35mCREATE  INDEX "index_comments_on_article_id" ON "comments" ("article_id")[0m
  ↳ /Users/Tech-A25/.rvm/rubies/ruby-2.5.3/lib/ruby/gems/2.5.0/gems/activesupport-5.2.2/lib/active_support/subscriber.rb:101
  [1m[36mActiveRecord::SchemaMigration Create (0.3ms)[0m  [1m[32mINSERT INTO "schema_migrations" ("version") VALUES (?)[0m  [["version", "20190104195309"]]
  ↳ /Users/Tech-A25/.rvm/rubies/ruby-2.5.3/lib/ruby/gems/2.5.0/gems/activesupport-5.2.2/lib/active_support/subscriber.rb:101
  [1m[35m (2.7ms)[0m  [1m[36mcommit transaction[0m
  ↳ /Users/Tech-A25/.rvm/rubies/ruby-2.5.3/lib/ruby/gems/2.5.0/gems/activesupport-5.2.2/lib/active_support/subscriber.rb:101
  [1m[36mActiveRecord::InternalMetadata Load (0.2ms)[0m  [1m[34mSELECT  "ar_internal_metadata".* FROM "ar_internal_metadata" WHERE "ar_internal_metadata"."key" = ? LIMIT ?[0m  [["key", "environment"], ["LIMIT", 1]]
  ↳ /Users/Tech-A25/.rvm/rubies/ruby-2.5.3/lib/ruby/gems/2.5.0/gems/activesupport-5.2.2/lib/active_support/subscriber.rb:101
  [1m[35m (0.1ms)[0m  [1m[36mbegin transaction[0m
  ↳ /Users/Tech-A25/.rvm/rubies/ruby-2.5.3/lib/ruby/gems/2.5.0/gems/activesupport-5.2.2/lib/active_support/subscriber.rb:101
  [1m[35m (0.1ms)[0m  [1m[36mcommit transaction[0m
  ↳ /Users/Tech-A25/.rvm/rubies/ruby-2.5.3/lib/ruby/gems/2.5.0/gems/activesupport-5.2.2/lib/active_support/subscriber.rb:101
  [1m[35m (2.5ms)[0m  [1m[34mSELECT "schema_migrations"."version" FROM "schema_migrations" ORDER BY "schema_migrations"."version" ASC[0m
  ↳ /Users/Tech-A25/.rvm/rubies/ruby-2.5.3/lib/ruby/gems/2.5.0/gems/activesupport-5.2.2/lib/active_support/subscriber.rb:101
Started GET "/articles" for 127.0.0.1 at 2019-01-04 21:10:41 +0000
  [1m[35m (0.1ms)[0m  [1m[34mSELECT "schema_migrations"."version" FROM "schema_migrations" ORDER BY "schema_migrations"."version" ASC[0m
  ↳ /Users/Tech-A25/.rvm/rubies/ruby-2.5.3/lib/ruby/gems/2.5.0/gems/activesupport-5.2.2/lib/active_support/subscriber.rb:101
Processing by ArticlesController#index as HTML
  Rendering articles/index.html.erb within layouts/application
  [1m[36mArticle Load (0.3ms)[0m  [1m[34mSELECT "articles".* FROM "articles"[0m
  ↳ /Users/Tech-A25/.rvm/rubies/ruby-2.5.3/lib/ruby/gems/2.5.0/gems/activesupport-5.2.2/lib/active_support/subscriber.rb:101
  Rendered articles/index.html.erb within layouts/application (7.2ms)
Completed 200 OK in 168ms (Views: 146.9ms | ActiveRecord: 1.0ms)


Started GET "/articles" for 127.0.0.1 at 2019-01-04 21:10:43 +0000
Processing by ArticlesController#index as HTML
  Rendering articles/index.html.erb within layouts/application
  [1m[36mArticle Load (0.3ms)[0m  [1m[34mSELECT "articles".* FROM "articles"[0m
  ↳ /Users/Tech-A25/.rvm/rubies/ruby-2.5.3/lib/ruby/gems/2.5.0/gems/activesupport-5.2.2/lib/active_support/subscriber.rb:101
  Rendered articles/index.html.erb within layouts/application (3.0ms)
Completed 200 OK in 55ms (Views: 46.4ms | ActiveRecord: 0.3ms)


Started GET "/articles" for 127.0.0.1 at 2019-01-04 21:10:43 +0000
Processing by ArticlesController#index as HTML
  Rendering articles/index.html.erb within layouts/application
  [1m[36mArticle Load (0.3ms)[0m  [1m[34mSELECT "articles".* FROM "articles"[0m
  ↳ /Users/Tech-A25/.rvm/rubies/ruby-2.5.3/lib/ruby/gems/2.5.0/gems/activesupport-5.2.2/lib/active_support/subscriber.rb:101
  Rendered articles/index.html.erb within layouts/application (2.6ms)
Completed 200 OK in 60ms (Views: 50.8ms | ActiveRecord: 0.3ms)


Started GET "/" for 127.0.0.1 at 2019-01-04 21:10:45 +0000
Processing by WelcomeController#index as HTML
  Rendering welcome/index.html.erb within layouts/application
  Rendered welcome/index.html.erb within layouts/application (1.1ms)
Completed 200 OK in 69ms (Views: 59.6ms | ActiveRecord: 0.0ms)


Started GET "/articles" for 127.0.0.1 at 2019-01-04 21:10:47 +0000
Processing by ArticlesController#index as HTML
  Rendering articles/index.html.erb within layouts/application
  [1m[36mArticle Load (0.2ms)[0m  [1m[34mSELECT "articles".* FROM "articles"[0m
  ↳ /Users/Tech-A25/.rvm/rubies/ruby-2.5.3/lib/ruby/gems/2.5.0/gems/activesupport-5.2.2/lib/active_support/subscriber.rb:101
  Rendered articles/index.html.erb within layouts/application (2.1ms)
Completed 200 OK in 47ms (Views: 37.7ms | ActiveRecord: 0.2ms)


Started GET "/articles/2/edit" for 127.0.0.1 at 2019-01-04 21:10:50 +0000
Processing by ArticlesController#edit as HTML
  Parameters: {"id"=>"2"}
  [1m[36mArticle Load (0.3ms)[0m  [1m[34mSELECT  "articles".* FROM "articles" WHERE "articles"."id" = ? LIMIT ?[0m  [["id", 2], ["LIMIT", 1]]
  ↳ /Users/Tech-A25/.rvm/rubies/ruby-2.5.3/lib/ruby/gems/2.5.0/gems/activesupport-5.2.2/lib/active_support/subscriber.rb:101
  Rendering articles/edit.html.erb within layouts/application
  Rendered articles/_form.html.erb (2.5ms)
  Rendered articles/edit.html.erb within layouts/application (7.9ms)
Completed 200 OK in 57ms (Views: 43.2ms | ActiveRecord: 0.3ms)


Started PATCH "/articles/2" for 127.0.0.1 at 2019-01-04 21:10:52 +0000
Processing by ArticlesController#update as HTML
  Parameters: {"utf8"=>"✓", "authenticity_token"=>"k9wxkr28DOLC7JdoXzwaDnVOujaJvnpbY6mOYMmhZao2jqB+bVYd+ucoZ/RR+vghfFNqX2Kj1CsjOGnJvWLRhg==", "article"=>{"title"=>"article 1", "text"=>"Article one"}, "commit"=>"Update Article", "id"=>"2"}
  [1m[36mArticle Load (0.7ms)[0m  [1m[34mSELECT  "articles".* FROM "articles" WHERE "articles"."id" = ? LIMIT ?[0m  [["id", 2], ["LIMIT", 1]]
  ↳ /Users/Tech-A25/.rvm/rubies/ruby-2.5.3/lib/ruby/gems/2.5.0/gems/activesupport-5.2.2/lib/active_support/subscriber.rb:101
  [1m[35m (0.3ms)[0m  [1m[36mbegin transaction[0m
  ↳ /Users/Tech-A25/.rvm/rubies/ruby-2.5.3/lib/ruby/gems/2.5.0/gems/activesupport-5.2.2/lib/active_support/subscriber.rb:101
  [1m[35m (0.1ms)[0m  [1m[36mcommit transaction[0m
  ↳ /Users/Tech-A25/.rvm/rubies/ruby-2.5.3/lib/ruby/gems/2.5.0/gems/activesupport-5.2.2/lib/active_support/subscriber.rb:101
Redirected to http://localhost:3000/articles/2
Completed 302 Found in 10ms (ActiveRecord: 1.2ms)


Started GET "/articles/2" for 127.0.0.1 at 2019-01-04 21:10:52 +0000
Processing by ArticlesController#show as HTML
  Parameters: {"id"=>"2"}
  [1m[36mArticle Load (0.2ms)[0m  [1m[34mSELECT  "articles".* FROM "articles" WHERE "articles"."id" = ? LIMIT ?[0m  [["id", 2], ["LIMIT", 1]]
  ↳ /Users/Tech-A25/.rvm/rubies/ruby-2.5.3/lib/ruby/gems/2.5.0/gems/activesupport-5.2.2/lib/active_support/subscriber.rb:101
  Rendering articles/show.html.erb within layouts/application
  [1m[36mComment Load (0.2ms)[0m  [1m[34mSELECT "comments".* FROM "comments" WHERE "comments"."article_id" = ?[0m  [["article_id", 2]]
  ↳ /Users/Tech-A25/.rvm/rubies/ruby-2.5.3/lib/ruby/gems/2.5.0/gems/activesupport-5.2.2/lib/active_support/subscriber.rb:101
  Rendered articles/show.html.erb within layouts/application (67.4ms)
Completed 200 OK in 117ms (Views: 110.3ms | ActiveRecord: 1.4ms)


Started POST "/articles/2/comments" for 127.0.0.1 at 2019-01-04 21:11:04 +0000
Processing by CommentsController#create as HTML
  Parameters: {"utf8"=>"✓", "authenticity_token"=>"3bOPA4qs+V3DRFKVu7Gp7ep+9qaXIhKo0VuRsY1KkpcVUTT3SeGonPGRS8BpHlCQRAxzBvxw9ShIT+BfpE3FeQ==", "comment"=>{"commenter"=>"shah", "body"=>"really good blog"}, "commit"=>"Create Comment", "article_id"=>"2"}
  [1m[36mArticle Load (0.2ms)[0m  [1m[34mSELECT  "articles".* FROM "articles" WHERE "articles"."id" = ? LIMIT ?[0m  [["id", 2], ["LIMIT", 1]]
  ↳ /Users/Tech-A25/.rvm/rubies/ruby-2.5.3/lib/ruby/gems/2.5.0/gems/activesupport-5.2.2/lib/active_support/subscriber.rb:101
  [1m[35m (0.1ms)[0m  [1m[36mbegin transaction[0m
  ↳ /Users/Tech-A25/.rvm/rubies/ruby-2.5.3/lib/ruby/gems/2.5.0/gems/activesupport-5.2.2/lib/active_support/subscriber.rb:101
  [1m[36mComment Create (1.3ms)[0m  [1m[32mINSERT INTO "comments" ("commenter", "body", "article_id", "created_at", "updated_at") VALUES (?, ?, ?, ?, ?)[0m  [["commenter", "shah"], ["body", "really good blog"], ["article_id", 2], ["created_at", "2019-01-04 21:11:04.404285"], ["updated_at", "2019-01-04 21:11:04.404285"]]
  ↳ /Users/Tech-A25/.rvm/rubies/ruby-2.5.3/lib/ruby/gems/2.5.0/gems/activesupport-5.2.2/lib/active_support/subscriber.rb:101
  [1m[35m (3.2ms)[0m  [1m[36mcommit transaction[0m
  ↳ /Users/Tech-A25/.rvm/rubies/ruby-2.5.3/lib/ruby/gems/2.5.0/gems/activesupport-5.2.2/lib/active_support/subscriber.rb:101
Redirected to http://localhost:3000/articles/2
Completed 302 Found in 13ms (ActiveRecord: 4.7ms)


Started GET "/articles/2" for 127.0.0.1 at 2019-01-04 21:11:04 +0000
Processing by ArticlesController#show as HTML
  Parameters: {"id"=>"2"}
  [1m[36mArticle Load (0.2ms)[0m  [1m[34mSELECT  "articles".* FROM "articles" WHERE "articles"."id" = ? LIMIT ?[0m  [["id", 2], ["LIMIT", 1]]
  ↳ /Users/Tech-A25/.rvm/rubies/ruby-2.5.3/lib/ruby/gems/2.5.0/gems/activesupport-5.2.2/lib/active_support/subscriber.rb:101
  Rendering articles/show.html.erb within layouts/application
  [1m[36mComment Load (0.2ms)[0m  [1m[34mSELECT "comments".* FROM "comments" WHERE "comments"."article_id" = ?[0m  [["article_id", 2]]
  ↳ /Users/Tech-A25/.rvm/rubies/ruby-2.5.3/lib/ruby/gems/2.5.0/gems/activesupport-5.2.2/lib/active_support/subscriber.rb:101
  Rendered articles/show.html.erb within layouts/application (4.5ms)
Completed 200 OK in 48ms (Views: 42.1ms | ActiveRecord: 0.3ms)


Started GET "/articles" for 127.0.0.1 at 2019-01-04 21:11:24 +0000
Processing by ArticlesController#index as HTML
  Rendering articles/index.html.erb within layouts/application
  [1m[36mArticle Load (0.4ms)[0m  [1m[34mSELECT "articles".* FROM "articles"[0m
  ↳ /Users/Tech-A25/.rvm/rubies/ruby-2.5.3/lib/ruby/gems/2.5.0/gems/activesupport-5.2.2/lib/active_support/subscriber.rb:101
  Rendered articles/index.html.erb within layouts/application (3.3ms)
Completed 200 OK in 54ms (Views: 45.3ms | ActiveRecord: 0.4ms)


Started GET "/articles/new" for 127.0.0.1 at 2019-01-04 21:11:29 +0000
Processing by ArticlesController#new as HTML
  Rendering articles/new.html.erb within layouts/application
  Rendered articles/_form.html.erb (2.1ms)
  Rendered articles/new.html.erb within layouts/application (8.3ms)
Completed 200 OK in 51ms (Views: 43.2ms | ActiveRecord: 0.0ms)


Started GET "/articles/new" for 127.0.0.1 at 2019-01-04 22:43:51 +0000
Processing by ArticlesController#new as HTML
Filter chain halted as #<Proc:0x00007ff477f4bcd0@/Users/Tech-A25/.rvm/gems/ruby-2.5.3/gems/actionpack-5.2.2/lib/action_controller/metal/http_authentication.rb:72> rendered or redirected
Completed 401 Unauthorized in 2ms (ActiveRecord: 0.0ms)


Started GET "/articles/new" for 127.0.0.1 at 2019-01-04 22:43:51 +0000
Processing by ArticlesController#new as HTML
Filter chain halted as #<Proc:0x00007ff477f4bcd0@/Users/Tech-A25/.rvm/gems/ruby-2.5.3/gems/actionpack-5.2.2/lib/action_controller/metal/http_authentication.rb:72> rendered or redirected
Completed 401 Unauthorized in 1ms (ActiveRecord: 0.0ms)


Started GET "/articles/new" for 127.0.0.1 at 2019-01-04 22:44:52 +0000
Processing by ArticlesController#new as HTML
Filter chain halted as #<Proc:0x00007ff477f4bcd0@/Users/Tech-A25/.rvm/gems/ruby-2.5.3/gems/actionpack-5.2.2/lib/action_controller/metal/http_authentication.rb:72> rendered or redirected
Completed 401 Unauthorized in 2ms (ActiveRecord: 0.0ms)


Started GET "/articles/new" for 127.0.0.1 at 2019-01-04 22:44:57 +0000
Processing by ArticlesController#new as HTML
Filter chain halted as #<Proc:0x00007ff477f4bcd0@/Users/Tech-A25/.rvm/gems/ruby-2.5.3/gems/actionpack-5.2.2/lib/action_controller/metal/http_authentication.rb:72> rendered or redirected
Completed 401 Unauthorized in 1ms (ActiveRecord: 0.0ms)


Started GET "/articles/new" for 127.0.0.1 at 2019-01-04 22:45:12 +0000
Processing by ArticlesController#new as HTML
Filter chain halted as #<Proc:0x00007ff478bb2a00@/Users/Tech-A25/.rvm/gems/ruby-2.5.3/gems/actionpack-5.2.2/lib/action_controller/metal/http_authentication.rb:72> rendered or redirected
Completed 401 Unauthorized in 1ms (ActiveRecord: 0.0ms)


Started GET "/" for 127.0.0.1 at 2019-01-04 22:45:20 +0000
Processing by WelcomeController#index as HTML
  Rendering welcome/index.html.erb within layouts/application
  Rendered welcome/index.html.erb within layouts/application (1.7ms)
Completed 200 OK in 54ms (Views: 46.8ms | ActiveRecord: 0.0ms)


Started GET "/articles" for 127.0.0.1 at 2019-01-04 22:45:24 +0000
Processing by ArticlesController#index as HTML
  Rendering articles/index.html.erb within layouts/application
  [1m[36mArticle Load (0.2ms)[0m  [1m[34mSELECT "articles".* FROM "articles"[0m
  ↳ /Users/Tech-A25/.rvm/rubies/ruby-2.5.3/lib/ruby/gems/2.5.0/gems/activesupport-5.2.2/lib/active_support/subscriber.rb:101
  Rendered articles/index.html.erb within layouts/application (8.4ms)
Completed 200 OK in 56ms (Views: 41.2ms | ActiveRecord: 0.9ms)


Started GET "/articles/new" for 127.0.0.1 at 2019-01-04 22:45:25 +0000
Processing by ArticlesController#new as HTML
Filter chain halted as #<Proc:0x00007ff478bb2a00@/Users/Tech-A25/.rvm/gems/ruby-2.5.3/gems/actionpack-5.2.2/lib/action_controller/metal/http_authentication.rb:72> rendered or redirected
Completed 401 Unauthorized in 2ms (ActiveRecord: 0.0ms)


Started GET "/articles/new" for 127.0.0.1 at 2019-01-04 22:45:29 +0000
Processing by ArticlesController#new as HTML
Filter chain halted as #<Proc:0x00007ff478bb2a00@/Users/Tech-A25/.rvm/gems/ruby-2.5.3/gems/actionpack-5.2.2/lib/action_controller/metal/http_authentication.rb:72> rendered or redirected
Completed 401 Unauthorized in 1ms (ActiveRecord: 0.0ms)


Started GET "/articles" for 127.0.0.1 at 2019-01-04 22:45:48 +0000
Processing by ArticlesController#index as HTML
  Rendering articles/index.html.erb within layouts/application
  [1m[36mArticle Load (0.2ms)[0m  [1m[34mSELECT "articles".* FROM "articles"[0m
  ↳ /Users/Tech-A25/.rvm/rubies/ruby-2.5.3/lib/ruby/gems/2.5.0/gems/activesupport-5.2.2/lib/active_support/subscriber.rb:101
  Rendered articles/index.html.erb within layouts/application (9.5ms)
Completed 200 OK in 60ms (Views: 51.4ms | ActiveRecord: 0.9ms)


Started GET "/articles/new" for 127.0.0.1 at 2019-01-04 22:45:51 +0000
Processing by ArticlesController#new as HTML
Filter chain halted as #<Proc:0x00007ff479072720@/Users/Tech-A25/.rvm/gems/ruby-2.5.3/gems/actionpack-5.2.2/lib/action_controller/metal/http_authentication.rb:72> rendered or redirected
Completed 401 Unauthorized in 4ms (ActiveRecord: 0.0ms)


Started GET "/articles/new" for 127.0.0.1 at 2019-01-04 22:45:57 +0000
Processing by ArticlesController#new as HTML
  Rendering articles/new.html.erb within layouts/application
  Rendered articles/_form.html.erb (2.5ms)
  Rendered articles/new.html.erb within layouts/application (7.9ms)
Completed 200 OK in 80ms (Views: 71.8ms | ActiveRecord: 0.0ms)


Started GET "/articles" for 127.0.0.1 at 2019-01-04 22:46:01 +0000
Processing by ArticlesController#index as HTML
  Rendering articles/index.html.erb within layouts/application
  [1m[36mArticle Load (0.3ms)[0m  [1m[34mSELECT "articles".* FROM "articles"[0m
  ↳ /Users/Tech-A25/.rvm/rubies/ruby-2.5.3/lib/ruby/gems/2.5.0/gems/activesupport-5.2.2/lib/active_support/subscriber.rb:101
  Rendered articles/index.html.erb within layouts/application (3.5ms)
Completed 200 OK in 67ms (Views: 59.9ms | ActiveRecord: 0.3ms)


Started GET "/articles/2/edit" for 127.0.0.1 at 2019-01-04 22:46:04 +0000
Processing by ArticlesController#edit as HTML
  Parameters: {"id"=>"2"}
  [1m[36mArticle Load (0.2ms)[0m  [1m[34mSELECT  "articles".* FROM "articles" WHERE "articles"."id" = ? LIMIT ?[0m  [["id", 2], ["LIMIT", 1]]
  ↳ /Users/Tech-A25/.rvm/rubies/ruby-2.5.3/lib/ruby/gems/2.5.0/gems/activesupport-5.2.2/lib/active_support/subscriber.rb:101
  Rendering articles/edit.html.erb within layouts/application
  Rendered articles/_form.html.erb (3.7ms)
  Rendered articles/edit.html.erb within layouts/application (9.3ms)
Completed 200 OK in 76ms (Views: 65.1ms | ActiveRecord: 0.2ms)


Started GET "/articles" for 127.0.0.1 at 2019-01-04 22:46:06 +0000
Processing by ArticlesController#index as HTML
  Rendering articles/index.html.erb within layouts/application
  [1m[36mArticle Load (0.5ms)[0m  [1m[34mSELECT "articles".* FROM "articles"[0m
  ↳ /Users/Tech-A25/.rvm/rubies/ruby-2.5.3/lib/ruby/gems/2.5.0/gems/activesupport-5.2.2/lib/active_support/subscriber.rb:101
  Rendered articles/index.html.erb within layouts/application (3.0ms)
Completed 200 OK in 55ms (Views: 44.1ms | ActiveRecord: 0.5ms)


Started GET "/articles" for 127.0.0.1 at 2019-01-04 22:46:08 +0000
Processing by ArticlesController#index as HTML
  Rendering articles/index.html.erb within layouts/application
  [1m[36mArticle Load (0.2ms)[0m  [1m[34mSELECT "articles".* FROM "articles"[0m
  ↳ /Users/Tech-A25/.rvm/rubies/ruby-2.5.3/lib/ruby/gems/2.5.0/gems/activesupport-5.2.2/lib/active_support/subscriber.rb:101
  Rendered articles/index.html.erb within layouts/application (2.8ms)
Completed 200 OK in 57ms (Views: 46.8ms | ActiveRecord: 0.2ms)


Started GET "/articles/new" for 127.0.0.1 at 2019-01-04 22:46:11 +0000
Processing by ArticlesController#new as HTML
  Rendering articles/new.html.erb within layouts/application
  Rendered articles/_form.html.erb (2.3ms)
  Rendered articles/new.html.erb within layouts/application (6.9ms)
Completed 200 OK in 53ms (Views: 42.9ms | ActiveRecord: 0.0ms)


Started GET "/articles" for 127.0.0.1 at 2019-01-04 22:46:12 +0000
Processing by ArticlesController#index as HTML
  Rendering articles/index.html.erb within layouts/application
  [1m[36mArticle Load (0.2ms)[0m  [1m[34mSELECT "articles".* FROM "articles"[0m
  ↳ /Users/Tech-A25/.rvm/rubies/ruby-2.5.3/lib/ruby/gems/2.5.0/gems/activesupport-5.2.2/lib/active_support/subscriber.rb:101
  Rendered articles/index.html.erb within layouts/application (1.7ms)
Completed 200 OK in 48ms (Views: 39.6ms | ActiveRecord: 0.2ms)


